c:\users\alastair\documents\visual studio 2019\projects\gltriangle\gltriangle\x64\release\vc142.pdb
c:\users\alastair\documents\visual studio 2019\projects\gltriangle\gltriangle\x64\release\main.obj
c:\users\alastair\documents\visual studio 2019\projects\gltriangle\gltriangle\x64\release\glew32.dll
c:\users\alastair\documents\visual studio 2019\projects\gltriangle\gltriangle\x64\release\glfw3.dll
c:\users\alastair\documents\visual studio 2019\projects\gltriangle\gltriangle\x64\release\shader.fragment
c:\users\alastair\documents\visual studio 2019\projects\gltriangle\gltriangle\x64\release\shader.vertex
c:\users\alastair\documents\visual studio 2019\projects\gltriangle\gltriangle\x64\release\gltriangle.ipdb
c:\users\alastair\documents\visual studio 2019\projects\gltriangle\gltriangle\x64\release\gltriangle.iobj
c:\users\alastair\documents\visual studio 2019\projects\gltriangle\gltriangle\x64\release\gltriangle.exe
c:\users\alastair\documents\visual studio 2019\projects\gltriangle\gltriangle\x64\release\gltriangle.pdb
c:\users\alastair\documents\visual studio 2019\projects\gltriangle\gltriangle\x64\release\gltriangle.tlog\cl.command.1.tlog
c:\users\alastair\documents\visual studio 2019\projects\gltriangle\gltriangle\x64\release\gltriangle.tlog\cl.read.1.tlog
c:\users\alastair\documents\visual studio 2019\projects\gltriangle\gltriangle\x64\release\gltriangle.tlog\cl.write.1.tlog
c:\users\alastair\documents\visual studio 2019\projects\gltriangle\gltriangle\x64\release\gltriangle.tlog\copyfile.command.1.tlog
c:\users\alastair\documents\visual studio 2019\projects\gltriangle\gltriangle\x64\release\gltriangle.tlog\copyfile.read.1.tlog
c:\users\alastair\documents\visual studio 2019\projects\gltriangle\gltriangle\x64\release\gltriangle.tlog\copyfile.write.1.tlog
c:\users\alastair\documents\visual studio 2019\projects\gltriangle\gltriangle\x64\release\gltriangle.tlog\gltriangle.write.1u.tlog
c:\users\alastair\documents\visual studio 2019\projects\gltriangle\gltriangle\x64\release\gltriangle.tlog\link.command.1.tlog
c:\users\alastair\documents\visual studio 2019\projects\gltriangle\gltriangle\x64\release\gltriangle.tlog\link.read.1.tlog
c:\users\alastair\documents\visual studio 2019\projects\gltriangle\gltriangle\x64\release\gltriangle.tlog\link.write.1.tlog
